GROUP,PACKAGE,CLASS,INSTRUCTION_MISSED,INSTRUCTION_COVERED,BRANCH_MISSED,BRANCH_COVERED,LINE_MISSED,LINE_COVERED,COMPLEXITY_MISSED,COMPLEXITY_COVERED,METHOD_MISSED,METHOD_COVERED
managePatient,com.example.managePatient,ManagePatientApplication,11,59,0,0,4,18,1,4,1,4
managePatient,com.example.managePatient,ManagePatientApplication.new TypeReference() {...},0,6,0,0,0,1,0,1,0,1
managePatient,com.example.managePatient.model,Gender,3,34,0,0,1,3,1,2,1,2
managePatient,com.example.managePatient.model,Patient,165,174,42,20,1,9,31,20,2,18
managePatient,com.example.managePatient.service,PatientServiceImpl,20,53,3,1,6,12,3,8,1,8
managePatient,com.example.managePatient.controller,ControllerAdvice,24,3,0,0,4,1,2,1,2,1
managePatient,com.example.managePatient.controller,PatientController,78,233,7,7,21,55,8,11,1,11
